<?xml version="1.0" encoding="UTF-8"?>
<robot generator="Robot 7.0.1 (Python 3.12.5 on darwin)" generated="2024-09-14T17:34:22.951925" rpa="false" schemaversion="5">
<suite id="s1" name="RF Test Web Demo" source="/Users/hieph/RobotFramework/RF_Test_Web_Demo.robot">
<test id="s1-t1" name="Assignment4_Test_website" line="13">
<kw name="Open Browser" owner="SeleniumLibrary">
<msg time="2024-09-14T17:34:23.134915" level="INFO">Opening browser 'Chrome' to base url 'http://blazedemo.com/'.</msg>
<arg>${URL}</arg>
<arg>${BROWSER}</arg>
<arg>options=add_argument("--disable-search-engine-choice-screen");add_experimental_option("detach", True)</arg>
<doc>Opens a new browser instance to the optional ``url``.</doc>
<status status="PASS" start="2024-09-14T17:34:23.134503" elapsed="2.817047"/>
</kw>
<kw name="Sleep" owner="BuiltIn">
<msg time="2024-09-14T17:34:27.953784" level="INFO">Slept 2 seconds.</msg>
<arg>2s</arg>
<doc>Pauses the test executed for the given time.</doc>
<status status="PASS" start="2024-09-14T17:34:25.952648" elapsed="2.001418"/>
</kw>
<kw name="Page Should Contain" owner="SeleniumLibrary">
<msg time="2024-09-14T17:34:27.968763" level="INFO">Current page contains text 'Welcome to the Simple Travel Agency!'.</msg>
<arg>Welcome to the Simple Travel Agency!</arg>
<doc>Verifies that current page contains ``text``.</doc>
<status status="PASS" start="2024-09-14T17:34:27.954493" elapsed="0.014431"/>
</kw>
<kw name="Set Variable" owner="BuiltIn">
<msg time="2024-09-14T17:34:27.969723" level="INFO">${departure} = Boston</msg>
<var>${departure}</var>
<arg>Boston</arg>
<doc>Returns the given values which can then be assigned to a variables.</doc>
<status status="PASS" start="2024-09-14T17:34:27.969340" elapsed="0.000552"/>
</kw>
<kw name="Set Variable" owner="BuiltIn">
<msg time="2024-09-14T17:34:27.970291" level="INFO">${destination} = Cairo</msg>
<var>${destination}</var>
<arg>Cairo</arg>
<doc>Returns the given values which can then be assigned to a variables.</doc>
<status status="PASS" start="2024-09-14T17:34:27.970105" elapsed="0.000285"/>
</kw>
<kw name="Select From List By Value" owner="SeleniumLibrary">
<msg time="2024-09-14T17:34:27.970932" level="INFO">Selecting options from selection list 'xpath://select[@name='fromPort']' by value Boston.</msg>
<arg>xpath://select[@name='fromPort']</arg>
<arg>${departure}</arg>
<doc>Selects options from selection list ``locator`` by ``values``.</doc>
<status status="PASS" start="2024-09-14T17:34:27.970559" elapsed="0.096847"/>
</kw>
<kw name="Select From List By Value" owner="SeleniumLibrary">
<msg time="2024-09-14T17:34:28.068409" level="INFO">Selecting options from selection list 'xpath://select[@name='toPort']' by value Cairo.</msg>
<arg>xpath://select[@name='toPort']</arg>
<arg>${destination}</arg>
<doc>Selects options from selection list ``locator`` by ``values``.</doc>
<status status="PASS" start="2024-09-14T17:34:28.067948" elapsed="0.057901"/>
</kw>
<kw name="Log" owner="BuiltIn">
<msg time="2024-09-14T17:34:28.127136" level="INFO">Boston</msg>
<arg>${departure}</arg>
<doc>Logs the given message with the given level.</doc>
<status status="PASS" start="2024-09-14T17:34:28.126599" elapsed="0.001156"/>
</kw>
<kw name="Log" owner="BuiltIn">
<msg time="2024-09-14T17:34:28.128466" level="INFO">Cairo</msg>
<arg>${destination}</arg>
<doc>Logs the given message with the given level.</doc>
<status status="PASS" start="2024-09-14T17:34:28.128247" elapsed="0.000612"/>
</kw>
<kw name="Click Button" owner="SeleniumLibrary">
<msg time="2024-09-14T17:34:28.129859" level="INFO">Clicking button 'css:input[type='submit']'.</msg>
<arg>css:input[type='submit']</arg>
<doc>Clicks the button identified by ``locator``.</doc>
<status status="PASS" start="2024-09-14T17:34:28.129373" elapsed="0.310963"/>
</kw>
<kw name="Page Should Contain" owner="SeleniumLibrary">
<msg time="2024-09-14T17:34:28.459055" level="INFO">Current page contains text 'Flights from Boston to Cairo'.</msg>
<arg>Flights from ${departure} to ${destination}</arg>
<doc>Verifies that current page contains ``text``.</doc>
<status status="PASS" start="2024-09-14T17:34:28.440843" elapsed="0.018493"/>
</kw>
<kw name="Get WebElements" owner="SeleniumLibrary">
<msg time="2024-09-14T17:34:28.472390" level="INFO">@{flights} = [ &lt;selenium.webdriver.remote.webelement.WebElement (session="261602da5254a64460f991dfadd9864e", element="f.1808BE911EB11D878FEB4E6D369EF3C1.d.5E8EA6E07772FE2B63116397C7B0E480.e.24")&gt; | &lt;selenium.webdr...</msg>
<var>@{flights}</var>
<arg>css:table[class='table']&gt;tbody tr</arg>
<doc>Returns a list of WebElement objects matching the ``locator``.</doc>
<status status="PASS" start="2024-09-14T17:34:28.459754" elapsed="0.012825"/>
</kw>
<kw name="Log" owner="BuiltIn">
<msg time="2024-09-14T17:34:28.473516" level="INFO">[&lt;selenium.webdriver.remote.webelement.WebElement (session="261602da5254a64460f991dfadd9864e", element="f.1808BE911EB11D878FEB4E6D369EF3C1.d.5E8EA6E07772FE2B63116397C7B0E480.e.24")&gt;, &lt;selenium.webdriver.remote.webelement.WebElement (session="261602da5254a64460f991dfadd9864e", element="f.1808BE911EB11D878FEB4E6D369EF3C1.d.5E8EA6E07772FE2B63116397C7B0E480.e.25")&gt;, &lt;selenium.webdriver.remote.webelement.WebElement (session="261602da5254a64460f991dfadd9864e", element="f.1808BE911EB11D878FEB4E6D369EF3C1.d.5E8EA6E07772FE2B63116397C7B0E480.e.26")&gt;, &lt;selenium.webdriver.remote.webelement.WebElement (session="261602da5254a64460f991dfadd9864e", element="f.1808BE911EB11D878FEB4E6D369EF3C1.d.5E8EA6E07772FE2B63116397C7B0E480.e.27")&gt;, &lt;selenium.webdriver.remote.webelement.WebElement (session="261602da5254a64460f991dfadd9864e", element="f.1808BE911EB11D878FEB4E6D369EF3C1.d.5E8EA6E07772FE2B63116397C7B0E480.e.28")&gt;]</msg>
<arg>${flights}</arg>
<doc>Logs the given message with the given level.</doc>
<status status="PASS" start="2024-09-14T17:34:28.473067" elapsed="0.000865"/>
</kw>
<kw name="Should Not Be Empty" owner="BuiltIn">
<msg time="2024-09-14T17:34:28.474998" level="INFO">Length is 5.</msg>
<arg>${flights}</arg>
<doc>Verifies that the given item is not empty.</doc>
<status status="PASS" start="2024-09-14T17:34:28.474601" elapsed="0.000705"/>
</kw>
<kw name="Get Value" owner="SeleniumLibrary">
<msg time="2024-09-14T17:34:28.494297" level="INFO">${price} = 472.56</msg>
<var>${price}</var>
<arg>xpath://input[@name='price']</arg>
<doc>Returns the value attribute of the element identified by ``locator``.</doc>
<status status="PASS" start="2024-09-14T17:34:28.475879" elapsed="0.018729"/>
</kw>
<kw name="Get Value" owner="SeleniumLibrary">
<msg time="2024-09-14T17:34:28.511901" level="INFO">${number} = 43</msg>
<var>${number}</var>
<arg>xpath://input[@name='flight']</arg>
<doc>Returns the value attribute of the element identified by ``locator``.</doc>
<status status="PASS" start="2024-09-14T17:34:28.495318" elapsed="0.016815"/>
</kw>
<kw name="Get Value" owner="SeleniumLibrary">
<msg time="2024-09-14T17:34:28.531368" level="INFO">${airline} = Virgin America</msg>
<var>${airline}</var>
<arg>xpath://input[@name='airline']</arg>
<doc>Returns the value attribute of the element identified by ``locator``.</doc>
<status status="PASS" start="2024-09-14T17:34:28.512621" elapsed="0.019090"/>
</kw>
<kw name="Page Should Contain" owner="SeleniumLibrary">
<msg time="2024-09-14T17:34:28.547273" level="INFO">Current page contains text '472.56'.</msg>
<arg>${price}</arg>
<doc>Verifies that current page contains ``text``.</doc>
<status status="PASS" start="2024-09-14T17:34:28.532211" elapsed="0.015418"/>
</kw>
<kw name="Page Should Contain" owner="SeleniumLibrary">
<msg time="2024-09-14T17:34:28.562589" level="INFO">Current page contains text '43'.</msg>
<arg>${number}</arg>
<doc>Verifies that current page contains ``text``.</doc>
<status status="PASS" start="2024-09-14T17:34:28.548356" elapsed="0.014568"/>
</kw>
<kw name="Page Should Contain" owner="SeleniumLibrary">
<msg time="2024-09-14T17:34:28.578706" level="INFO">Current page contains text 'Virgin America'.</msg>
<arg>${airline}</arg>
<doc>Verifies that current page contains ``text``.</doc>
<status status="PASS" start="2024-09-14T17:34:28.563335" elapsed="0.015846"/>
</kw>
<kw name="Click Button" owner="SeleniumLibrary">
<msg time="2024-09-14T17:34:28.580411" level="INFO">Clicking button 'css:input[value='Choose This Flight']'.</msg>
<arg>css:input[value='Choose This Flight']</arg>
<doc>Clicks the button identified by ``locator``.</doc>
<status status="PASS" start="2024-09-14T17:34:28.579817" elapsed="0.351660"/>
</kw>
<kw name="Sleep" owner="BuiltIn">
<msg time="2024-09-14T17:34:30.932778" level="INFO">Slept 2 seconds.</msg>
<arg>2s</arg>
<doc>Pauses the test executed for the given time.</doc>
<status status="PASS" start="2024-09-14T17:34:28.932093" elapsed="2.000858"/>
</kw>
<kw name="Get Text" owner="SeleniumLibrary">
<msg time="2024-09-14T17:34:30.951950" level="INFO">${Total_Cost} = 914.76</msg>
<var>${Total_Cost}</var>
<arg>xpath://em</arg>
<doc>Returns the text value of the element identified by ``locator``.</doc>
<status status="PASS" start="2024-09-14T17:34:30.933137" elapsed="0.019014"/>
</kw>
<kw name="Click Element" owner="SeleniumLibrary">
<msg time="2024-09-14T17:34:30.952560" level="INFO">Clicking element 'xpath://input[@name='inputName']'.</msg>
<arg>xpath://input[@name='inputName']</arg>
<doc>Click the element identified by ``locator``.</doc>
<status status="PASS" start="2024-09-14T17:34:30.952347" elapsed="0.074034"/>
</kw>
<kw name="Input Text" owner="SeleniumLibrary">
<msg time="2024-09-14T17:34:31.027273" level="INFO">Typing text 'John' into text field 'xpath://input[@name='inputName']'.</msg>
<arg>xpath://input[@name='inputName']</arg>
<arg>John</arg>
<doc>Types the given ``text`` into the text field identified by ``locator``.</doc>
<status status="PASS" start="2024-09-14T17:34:31.026948" elapsed="0.124734"/>
</kw>
<kw name="Click Element" owner="SeleniumLibrary">
<msg time="2024-09-14T17:34:31.152478" level="INFO">Clicking element 'xpath://input[@name='address']'.</msg>
<arg>xpath://input[@name='address']</arg>
<doc>Click the element identified by ``locator``.</doc>
<status status="PASS" start="2024-09-14T17:34:31.152110" elapsed="0.051050"/>
</kw>
<kw name="Input Text" owner="SeleniumLibrary">
<msg time="2024-09-14T17:34:31.204557" level="INFO">Typing text '123 EinoKatu' into text field 'xpath://input[@name='address']'.</msg>
<arg>xpath://input[@name='address']</arg>
<arg>123 EinoKatu</arg>
<doc>Types the given ``text`` into the text field identified by ``locator``.</doc>
<status status="PASS" start="2024-09-14T17:34:31.204030" elapsed="0.055353"/>
</kw>
<kw name="Click Element" owner="SeleniumLibrary">
<msg time="2024-09-14T17:34:31.260188" level="INFO">Clicking element 'xpath://input[@name='city']'.</msg>
<arg>xpath://input[@name='city']</arg>
<doc>Click the element identified by ``locator``.</doc>
<status status="PASS" start="2024-09-14T17:34:31.259900" elapsed="0.045589"/>
</kw>
<kw name="Input Text" owner="SeleniumLibrary">
<msg time="2024-09-14T17:34:31.306610" level="INFO">Typing text 'Hameenlinna' into text field 'xpath://input[@name='city']'.</msg>
<arg>xpath://input[@name='city']</arg>
<arg>Hameenlinna</arg>
<doc>Types the given ``text`` into the text field identified by ``locator``.</doc>
<status status="PASS" start="2024-09-14T17:34:31.306084" elapsed="0.057470"/>
</kw>
<kw name="Click Element" owner="SeleniumLibrary">
<msg time="2024-09-14T17:34:31.364308" level="INFO">Clicking element 'xpath://input[@name='state']'.</msg>
<arg>xpath://input[@name='state']</arg>
<doc>Click the element identified by ``locator``.</doc>
<status status="PASS" start="2024-09-14T17:34:31.363998" elapsed="0.047639"/>
</kw>
<kw name="Input Text" owner="SeleniumLibrary">
<msg time="2024-09-14T17:34:31.412591" level="INFO">Typing text 'Kata-Hame' into text field 'xpath://input[@name='state']'.</msg>
<arg>xpath://input[@name='state']</arg>
<arg>Kata-Hame</arg>
<doc>Types the given ``text`` into the text field identified by ``locator``.</doc>
<status status="PASS" start="2024-09-14T17:34:31.412048" elapsed="0.064939"/>
</kw>
<kw name="Click Element" owner="SeleniumLibrary">
<msg time="2024-09-14T17:34:31.477722" level="INFO">Clicking element 'xpath://input[@name='zipCode']'.</msg>
<arg>xpath://input[@name='zipCode']</arg>
<doc>Click the element identified by ``locator``.</doc>
<status status="PASS" start="2024-09-14T17:34:31.477406" elapsed="0.050432"/>
</kw>
<kw name="Input Text" owner="SeleniumLibrary">
<msg time="2024-09-14T17:34:31.528599" level="INFO">Typing text '13200' into text field 'xpath://input[@name='zipCode']'.</msg>
<arg>xpath://input[@name='zipCode']</arg>
<arg>13200</arg>
<doc>Types the given ``text`` into the text field identified by ``locator``.</doc>
<status status="PASS" start="2024-09-14T17:34:31.528238" elapsed="0.058833"/>
</kw>
<kw name="Click Element" owner="SeleniumLibrary">
<msg time="2024-09-14T17:34:31.588177" level="INFO">Clicking element 'xpath://select[@name='cardType']'.</msg>
<arg>xpath://select[@name='cardType']</arg>
<doc>Click the element identified by ``locator``.</doc>
<status status="PASS" start="2024-09-14T17:34:31.587699" elapsed="0.137185"/>
</kw>
<kw name="Select From List By Value" owner="SeleniumLibrary">
<msg time="2024-09-14T17:34:31.725638" level="INFO">Selecting options from selection list 'xpath://select[@name='cardType']' by value dinersclub.</msg>
<arg>xpath://select[@name='cardType']</arg>
<arg>dinersclub</arg>
<doc>Selects options from selection list ``locator`` by ``values``.</doc>
<status status="PASS" start="2024-09-14T17:34:31.725296" elapsed="0.064787"/>
</kw>
<kw name="Click Element" owner="SeleniumLibrary">
<msg time="2024-09-14T17:34:31.790922" level="INFO">Clicking element 'xpath://input[@name='creditCardNumber']'.</msg>
<arg>xpath://input[@name='creditCardNumber']</arg>
<doc>Click the element identified by ``locator``.</doc>
<status status="PASS" start="2024-09-14T17:34:31.790603" elapsed="0.050955"/>
</kw>
<kw name="Input Text" owner="SeleniumLibrary">
<msg time="2024-09-14T17:34:31.842344" level="INFO">Typing text '123456789' into text field 'xpath://input[@name='creditCardNumber']'.</msg>
<arg>xpath://input[@name='creditCardNumber']</arg>
<arg>123456789</arg>
<doc>Types the given ``text`` into the text field identified by ``locator``.</doc>
<status status="PASS" start="2024-09-14T17:34:31.842070" elapsed="0.068069"/>
</kw>
<kw name="Click Element" owner="SeleniumLibrary">
<msg time="2024-09-14T17:34:31.911418" level="INFO">Clicking element 'xpath://input[@name='creditCardMonth']'.</msg>
<arg>xpath://input[@name='creditCardMonth']</arg>
<doc>Click the element identified by ``locator``.</doc>
<status status="PASS" start="2024-09-14T17:34:31.910942" elapsed="0.047723"/>
</kw>
<kw name="Input Text" owner="SeleniumLibrary">
<msg time="2024-09-14T17:34:31.960092" level="INFO">Typing text '11' into text field 'xpath://input[@name='creditCardMonth']'.</msg>
<arg>xpath://input[@name='creditCardMonth']</arg>
<arg>${cardMonth}</arg>
<doc>Types the given ``text`` into the text field identified by ``locator``.</doc>
<status status="PASS" start="2024-09-14T17:34:31.959263" elapsed="0.085341"/>
</kw>
<kw name="Click Element" owner="SeleniumLibrary">
<msg time="2024-09-14T17:34:32.045699" level="INFO">Clicking element 'xpath://input[@name='creditCardYear']'.</msg>
<arg>xpath://input[@name='creditCardYear']</arg>
<doc>Click the element identified by ``locator``.</doc>
<status status="PASS" start="2024-09-14T17:34:32.045256" elapsed="0.050989"/>
</kw>
<kw name="Input Text" owner="SeleniumLibrary">
<msg time="2024-09-14T17:34:32.097510" level="INFO">Typing text '2018' into text field 'xpath://input[@name='creditCardYear']'.</msg>
<arg>xpath://input[@name='creditCardYear']</arg>
<arg>${cardYear}</arg>
<doc>Types the given ``text`` into the text field identified by ``locator``.</doc>
<status status="PASS" start="2024-09-14T17:34:32.096849" elapsed="0.119303"/>
</kw>
<kw name="Click Element" owner="SeleniumLibrary">
<msg time="2024-09-14T17:34:32.217035" level="INFO">Clicking element 'xpath://input[@name='nameOnCard']'.</msg>
<arg>xpath://input[@name='nameOnCard']</arg>
<doc>Click the element identified by ``locator``.</doc>
<status status="PASS" start="2024-09-14T17:34:32.216514" elapsed="0.045836"/>
</kw>
<kw name="Input Text" owner="SeleniumLibrary">
<msg time="2024-09-14T17:34:32.263742" level="INFO">Typing text 'John Smith' into text field 'xpath://input[@name='nameOnCard']'.</msg>
<arg>xpath://input[@name='nameOnCard']</arg>
<arg>John Smith</arg>
<doc>Types the given ``text`` into the text field identified by ``locator``.</doc>
<status status="PASS" start="2024-09-14T17:34:32.262987" elapsed="0.063048"/>
</kw>
<kw name="Select Checkbox" owner="SeleniumLibrary">
<msg time="2024-09-14T17:34:32.327035" level="INFO">Selecting checkbox 'xpath://input[@name='rememberMe']'.</msg>
<arg>xpath://input[@name='rememberMe']</arg>
<doc>Selects the checkbox identified by ``locator``.</doc>
<status status="PASS" start="2024-09-14T17:34:32.326689" elapsed="0.069321"/>
</kw>
<kw name="Click Button" owner="SeleniumLibrary">
<msg time="2024-09-14T17:34:32.396773" level="INFO">Clicking button 'css:input[type='submit']'.</msg>
<arg>css:input[type='submit']</arg>
<doc>Clicks the button identified by ``locator``.</doc>
<status status="PASS" start="2024-09-14T17:34:32.396370" elapsed="0.354736"/>
</kw>
<kw name="Page Should Contain" owner="SeleniumLibrary">
<msg time="2024-09-14T17:34:32.770309" level="INFO">Current page contains text 'Thank you for your purchase today!'.</msg>
<arg>Thank you for your purchase today!</arg>
<doc>Verifies that current page contains ``text``.</doc>
<status status="PASS" start="2024-09-14T17:34:32.751401" elapsed="0.019224"/>
</kw>
<kw name="Table Row Should Contain" owner="SeleniumLibrary">
<arg>xpath://table[@class='table']</arg>
<arg>5</arg>
<arg>${cardMonth} /${cardYear}</arg>
<doc>Verifies that table row contains text ``expected``.</doc>
<status status="PASS" start="2024-09-14T17:34:32.770990" elapsed="0.041434"/>
</kw>
<kw name="Table Row Should Contain" owner="SeleniumLibrary">
<arg>xpath://table[@class='table']</arg>
<arg>3</arg>
<arg>${tCost} USD</arg>
<doc>Verifies that table row contains text ``expected``.</doc>
<status status="PASS" start="2024-09-14T17:34:32.812829" elapsed="0.030686"/>
</kw>
<kw name="Close Browser" owner="SeleniumLibrary">
<doc>Closes the current browser.</doc>
<status status="PASS" start="2024-09-14T17:34:32.843823" elapsed="0.089192"/>
</kw>
<status status="PASS" start="2024-09-14T17:34:23.133418" elapsed="9.799962"/>
</test>
<status status="PASS" start="2024-09-14T17:34:22.955881" elapsed="9.978130"/>
</suite>
<statistics>
<total>
<stat pass="1" fail="0" skip="0">All Tests</stat>
</total>
<tag>
</tag>
<suite>
<stat pass="1" fail="0" skip="0" id="s1" name="RF Test Web Demo">RF Test Web Demo</stat>
</suite>
</statistics>
<errors>
</errors>
</robot>
