<?xml version="1.0" encoding="UTF-8"?>
<robot generator="Robot 7.0.1 (Python 3.12.5 on darwin)" generated="2024-09-08T23:04:01.689565" rpa="false" schemaversion="5">
<suite id="s1" name="Add Value From List" source="/Users/hieph/RobotFramework/Add_Value_From_List.robot">
<test id="s1-t1" name="Add value to list" line="7">
<kw name="Copy List" owner="Collections">
<msg time="2024-09-08T23:04:01.703825" level="INFO">@{list} = [ 1 | 2 | 3 | 4 ]</msg>
<var>@{list}</var>
<arg>${list}</arg>
<doc>Returns a copy of the given list.</doc>
<status status="PASS" start="2024-09-08T23:04:01.703602" elapsed="0.001178"/>
</kw>
<kw name="Set Variable" owner="BuiltIn">
<msg time="2024-09-08T23:04:01.705290" level="INFO">${addition} = 333</msg>
<var>${addition}</var>
<arg>333</arg>
<doc>Returns the given values which can then be assigned to a variables.</doc>
<status status="PASS" start="2024-09-08T23:04:01.705128" elapsed="0.000238"/>
</kw>
<kw name="Append To List" owner="Collections">
<arg>${list}</arg>
<arg>${addition}</arg>
<doc>Adds ``values`` to the end of ``list``.</doc>
<status status="PASS" start="2024-09-08T23:04:01.705622" elapsed="0.000131"/>
</kw>
<kw name="Should Be Equal" owner="BuiltIn">
<arg>${list}[4]</arg>
<arg>333</arg>
<doc>Fails if the given objects are unequal.</doc>
<status status="PASS" start="2024-09-08T23:04:01.706075" elapsed="0.000248"/>
</kw>
<status status="PASS" start="2024-09-08T23:04:01.703233" elapsed="0.003406"/>
</test>
<test id="s1-t2" name="List length" line="13">
<kw name="Get Length" owner="BuiltIn">
<msg time="2024-09-08T23:04:01.708631" level="INFO">Length is 4.</msg>
<msg time="2024-09-08T23:04:01.708767" level="INFO">${length} = 4</msg>
<var>${length}</var>
<arg>${list}</arg>
<doc>Returns and logs the length of the given item as an integer.</doc>
<status status="PASS" start="2024-09-08T23:04:01.708435" elapsed="0.000371"/>
</kw>
<kw name="Convert To Integer" owner="BuiltIn">
<msg time="2024-09-08T23:04:01.709419" level="INFO">${expected} = 4</msg>
<var>${expected}</var>
<arg>4</arg>
<doc>Converts the given item to an integer number.</doc>
<status status="PASS" start="2024-09-08T23:04:01.709255" elapsed="0.000224"/>
</kw>
<kw name="Should Be Equal" owner="BuiltIn">
<arg>${length}</arg>
<arg>${expected}</arg>
<doc>Fails if the given objects are unequal.</doc>
<status status="PASS" start="2024-09-08T23:04:01.709676" elapsed="0.000164"/>
</kw>
<status status="PASS" start="2024-09-08T23:04:01.707811" elapsed="0.002210"/>
</test>
<status status="PASS" start="2024-09-08T23:04:01.691695" elapsed="0.018638"/>
</suite>
<statistics>
<total>
<stat pass="2" fail="0" skip="0">All Tests</stat>
</total>
<tag>
</tag>
<suite>
<stat pass="2" fail="0" skip="0" id="s1" name="Add Value From List">Add Value From List</stat>
</suite>
</statistics>
<errors>
</errors>
</robot>
